<?xml version="1.0" encoding="UTF-8"?>
<!-- Generated by org.testng.reporters.JUnitReportReporter -->
<testsuite skipped="0" hostname="P2CLAP-G01L1VH" name="test.HomePageTest" tests="2" failures="0" timestamp="23 Mar 2020 13:43:41 GMT" time="159.533" errors="0">
  <testcase name="HomepageLogoTest" time="30.099" classname="test.HomePageTest"/>
  <testcase name="ProxywithUser" time="129.434" classname="test.HomePageTest"/>
</testsuite> <!-- test.HomePageTest -->
