<?xml version="1.0" encoding="UTF-8"?>
<!-- Generated by org.testng.reporters.JUnitReportReporter -->
<testsuite skipped="0" hostname="P2CLAP-G01L1VH" name="MYFramework.RequestForClassTest" tests="1" failures="0" timestamp="20 Aug 2020 18:03:33 GMT" time="225.018" errors="0">
  <testcase name="RequestTheClassTest" time="225.018" classname="MYFramework.RequestForClassTest"/>
</testsuite> <!-- MYFramework.RequestForClassTest -->
