<?xml version="1.0" encoding="UTF-8"?>
<!-- Generated by org.testng.reporters.JUnitReportReporter -->
<testsuite skipped="0" hostname="Parag-PC" name="MYFramework.MYFramework.LoginTest" tests="1" failures="0" timestamp="14 Mar 2020 12:16:13 GMT" time="68.586" errors="0">
  <testcase name="LoginTest" time="68.586" classname="MYFramework.MYFramework.LoginTest"/>
</testsuite> <!-- MYFramework.MYFramework.LoginTest -->
