<?xml version="1.0" encoding="UTF-8"?>
<!-- Generated by org.testng.reporters.JUnitReportReporter -->
<testsuite skipped="0" hostname="P2CLAP-G01L1VH" name="test.HireEmployeePageTest" tests="1" failures="0" timestamp="20 Apr 2020 05:41:04 GMT" time="261.662" errors="0">
  <testcase name="HireEmployeePageTest" time="261.662" classname="test.HireEmployeePageTest"/>
</testsuite> <!-- test.HireEmployeePageTest -->
