<?xml version="1.0" encoding="UTF-8"?>
<!-- Generated by org.testng.reporters.JUnitReportReporter -->
<testsuite skipped="0" hostname="Parag-PC" name="test.LoginTest" tests="1" failures="0" timestamp="25 Mar 2020 06:37:50 GMT" time="125.734" errors="0">
  <testcase name="LoginTest" time="125.734" classname="test.LoginTest"/>
</testsuite> <!-- test.LoginTest -->
